  [1m[35m (1419.9ms)[0m  [1m[35mCREATE DATABASE "dojang_tbs_development" ENCODING = 'unicode'[0m
  [1m[35m (944.3ms)[0m  [1m[35mCREATE DATABASE "dojang_tbs_test" ENCODING = 'unicode'[0m
Started GET "/" for ::1 at 2023-08-11 21:09:53 +0300
Processing by Rails::WelcomeController#index as HTML
  Rendering /usr/share/rvm/gems/ruby-3.2.2/gems/railties-7.0.7/lib/rails/templates/rails/welcome/index.html.erb
  Rendered /usr/share/rvm/gems/ruby-3.2.2/gems/railties-7.0.7/lib/rails/templates/rails/welcome/index.html.erb (Duration: 20.9ms | Allocations: 633)
Completed 200 OK in 219ms (Views: 27.6ms | ActiveRecord: 0.0ms | Allocations: 7143)


Started GET "/" for ::1 at 2023-08-22 00:55:39 +0300
Processing by Rails::WelcomeController#index as HTML
  Rendering /usr/share/rvm/gems/ruby-3.2.2/gems/railties-7.0.7/lib/rails/templates/rails/welcome/index.html.erb
  Rendered /usr/share/rvm/gems/ruby-3.2.2/gems/railties-7.0.7/lib/rails/templates/rails/welcome/index.html.erb (Duration: 17.8ms | Allocations: 489)
Completed 200 OK in 78ms (Views: 21.3ms | ActiveRecord: 0.0ms | Allocations: 4061)


  [1m[35m (1003.3ms)[0m  [1m[35mCREATE TABLE "schema_migrations" ("version" character varying NOT NULL PRIMARY KEY)[0m
  [1m[35m (132.5ms)[0m  [1m[35mCREATE TABLE "ar_internal_metadata" ("key" character varying NOT NULL PRIMARY KEY, "value" character varying, "created_at" timestamp(6) NOT NULL, "updated_at" timestamp(6) NOT NULL)[0m
  [1m[36mActiveRecord::SchemaMigration Pluck (0.8ms)[0m  [1m[34mSELECT "schema_migrations"."version" FROM "schema_migrations" ORDER BY "schema_migrations"."version" ASC[0m
  [1m[36mActiveRecord::SchemaMigration Pluck (0.3ms)[0m  [1m[34mSELECT "schema_migrations"."version" FROM "schema_migrations" ORDER BY "schema_migrations"."version" ASC[0m
  [1m[35m (0.3ms)[0m  [1m[34mSELECT pg_try_advisory_lock(6241598612536964460)[0m
  [1m[36mActiveRecord::SchemaMigration Pluck (0.6ms)[0m  [1m[34mSELECT "schema_migrations"."version" FROM "schema_migrations" ORDER BY "schema_migrations"."version" ASC[0m
  [1m[35m (0.4ms)[0m  [1m[34mSELECT pg_advisory_unlock(6241598612536964460)[0m
  [1m[36mActiveRecord::SchemaMigration Pluck (0.5ms)[0m  [1m[34mSELECT "schema_migrations"."version" FROM "schema_migrations" ORDER BY "schema_migrations"."version" ASC[0m
Started GET "/" for ::1 at 2023-08-22 01:07:59 +0300
  
ActionController::RoutingError (uninitialized constant HomeController):
  
Started GET "/favicon.ico" for ::1 at 2023-08-22 01:08:00 +0300
  
ActionController::RoutingError (No route matches [GET] "/favicon.ico"):
  
Started GET "/" for ::1 at 2023-08-22 01:08:09 +0300
Processing by Rails::WelcomeController#index as HTML
  Rendering /usr/share/rvm/gems/ruby-3.2.2/gems/railties-7.0.7/lib/rails/templates/rails/welcome/index.html.erb
  Rendered /usr/share/rvm/gems/ruby-3.2.2/gems/railties-7.0.7/lib/rails/templates/rails/welcome/index.html.erb (Duration: 1.2ms | Allocations: 276)
Completed 200 OK in 4ms (Views: 2.7ms | ActiveRecord: 0.0ms | Allocations: 833)


  [1m[35m (0.2ms)[0m  [1m[34mSELECT pg_try_advisory_lock(6241598612536964460)[0m
  [1m[36mActiveRecord::SchemaMigration Pluck (0.6ms)[0m  [1m[34mSELECT "schema_migrations"."version" FROM "schema_migrations" ORDER BY "schema_migrations"."version" ASC[0m
  [1m[36mActiveRecord::InternalMetadata Load (0.5ms)[0m  [1m[34mSELECT "ar_internal_metadata".* FROM "ar_internal_metadata" WHERE "ar_internal_metadata"."key" = $1 LIMIT $2[0m  [["key", "environment"], ["LIMIT", 1]]
  [1m[36mTRANSACTION (0.2ms)[0m  [1m[35mBEGIN[0m
  [1m[36mActiveRecord::InternalMetadata Create (20.7ms)[0m  [1m[32mINSERT INTO "ar_internal_metadata" ("key", "value", "created_at", "updated_at") VALUES ($1, $2, $3, $4) RETURNING "key"[0m  [["key", "environment"], ["value", "development"], ["created_at", "2023-08-21 22:10:38.857117"], ["updated_at", "2023-08-21 22:10:38.857117"]]
  [1m[36mTRANSACTION (24.0ms)[0m  [1m[35mCOMMIT[0m
  [1m[35m (0.4ms)[0m  [1m[34mSELECT pg_advisory_unlock(6241598612536964460)[0m
  [1m[36mActiveRecord::SchemaMigration Pluck (1.0ms)[0m  [1m[34mSELECT "schema_migrations"."version" FROM "schema_migrations" ORDER BY "schema_migrations"."version" ASC[0m
  [1m[35m (0.3ms)[0m  [1m[34mSELECT pg_try_advisory_lock(6241598612536964460)[0m
  [1m[36mActiveRecord::SchemaMigration Pluck (0.6ms)[0m  [1m[34mSELECT "schema_migrations"."version" FROM "schema_migrations" ORDER BY "schema_migrations"."version" ASC[0m
Migrating to DeviseCreateUsers (20230821221329)
  [1m[36mTRANSACTION (0.2ms)[0m  [1m[35mBEGIN[0m
  [1m[35m (180.5ms)[0m  [1m[35mCREATE TABLE "users" ("id" bigserial primary key, "email" character varying DEFAULT '' NOT NULL, "encrypted_password" character varying DEFAULT '' NOT NULL, "reset_password_token" character varying, "reset_password_sent_at" timestamp(6), "remember_created_at" timestamp(6), "created_at" timestamp(6) NOT NULL, "updated_at" timestamp(6) NOT NULL)[0m
  [1m[35m (72.3ms)[0m  [1m[35mCREATE UNIQUE INDEX "index_users_on_email" ON "users" ("email")[0m
  [1m[35m (57.0ms)[0m  [1m[35mCREATE UNIQUE INDEX "index_users_on_reset_password_token" ON "users" ("reset_password_token")[0m
  [1m[36mActiveRecord::SchemaMigration Create (1.1ms)[0m  [1m[32mINSERT INTO "schema_migrations" ("version") VALUES ($1) RETURNING "version"[0m  [["version", "20230821221329"]]
  [1m[36mTRANSACTION (44.2ms)[0m  [1m[35mCOMMIT[0m
  [1m[36mActiveRecord::InternalMetadata Load (0.8ms)[0m  [1m[34mSELECT "ar_internal_metadata".* FROM "ar_internal_metadata" WHERE "ar_internal_metadata"."key" = $1 LIMIT $2[0m  [["key", "environment"], ["LIMIT", 1]]
  [1m[35m (0.5ms)[0m  [1m[34mSELECT pg_advisory_unlock(6241598612536964460)[0m
  [1m[36mActiveRecord::SchemaMigration Pluck (0.9ms)[0m  [1m[34mSELECT "schema_migrations"."version" FROM "schema_migrations" ORDER BY "schema_migrations"."version" ASC[0m
Started GET "/" for ::1 at 2023-08-22 01:14:18 +0300
  [1m[36mActiveRecord::SchemaMigration Pluck (0.7ms)[0m  [1m[34mSELECT "schema_migrations"."version" FROM "schema_migrations" ORDER BY "schema_migrations"."version" ASC[0m
Processing by Rails::WelcomeController#index as HTML
  Rendering /usr/share/rvm/gems/ruby-3.2.2/gems/railties-7.0.7/lib/rails/templates/rails/welcome/index.html.erb
  Rendered /usr/share/rvm/gems/ruby-3.2.2/gems/railties-7.0.7/lib/rails/templates/rails/welcome/index.html.erb (Duration: 1.4ms | Allocations: 487)
Completed 200 OK in 114ms (Views: 3.8ms | ActiveRecord: 0.0ms | Allocations: 4812)


  [1m[35m (0.2ms)[0m  [1m[34mSELECT pg_try_advisory_lock(6241598612536964460)[0m
  [1m[36mActiveRecord::SchemaMigration Pluck (0.6ms)[0m  [1m[34mSELECT "schema_migrations"."version" FROM "schema_migrations" ORDER BY "schema_migrations"."version" ASC[0m
  [1m[36mActiveRecord::InternalMetadata Load (0.4ms)[0m  [1m[34mSELECT "ar_internal_metadata".* FROM "ar_internal_metadata" WHERE "ar_internal_metadata"."key" = $1 LIMIT $2[0m  [["key", "environment"], ["LIMIT", 1]]
  [1m[35m (0.3ms)[0m  [1m[34mSELECT pg_advisory_unlock(6241598612536964460)[0m
  [1m[36mActiveRecord::SchemaMigration Pluck (0.5ms)[0m  [1m[34mSELECT "schema_migrations"."version" FROM "schema_migrations" ORDER BY "schema_migrations"."version" ASC[0m
  [1m[35m (0.5ms)[0m  [1m[34mSELECT pg_try_advisory_lock(6241598612536964460)[0m
  [1m[36mActiveRecord::SchemaMigration Pluck (1.2ms)[0m  [1m[34mSELECT "schema_migrations"."version" FROM "schema_migrations" ORDER BY "schema_migrations"."version" ASC[0m
Migrating to AddDetailsToUsers (20230821222119)
  [1m[36mTRANSACTION (0.1ms)[0m  [1m[35mBEGIN[0m
  [1m[35m (29.5ms)[0m  [1m[35mALTER TABLE "users" ADD "country" character varying[0m
  [1m[35m (0.4ms)[0m  [1m[35mALTER TABLE "users" ADD "user_name" character varying[0m
  [1m[35m (0.4ms)[0m  [1m[35mALTER TABLE "users" ADD "gender" character varying[0m
  [1m[35m (0.3ms)[0m  [1m[35mALTER TABLE "users" ADD "phone_number" character varying[0m
  [1m[36mActiveRecord::SchemaMigration Create (0.4ms)[0m  [1m[32mINSERT INTO "schema_migrations" ("version") VALUES ($1) RETURNING "version"[0m  [["version", "20230821222119"]]
  [1m[36mTRANSACTION (14.6ms)[0m  [1m[35mCOMMIT[0m
  [1m[36mActiveRecord::InternalMetadata Load (0.3ms)[0m  [1m[34mSELECT "ar_internal_metadata".* FROM "ar_internal_metadata" WHERE "ar_internal_metadata"."key" = $1 LIMIT $2[0m  [["key", "environment"], ["LIMIT", 1]]
  [1m[35m (0.3ms)[0m  [1m[34mSELECT pg_advisory_unlock(6241598612536964460)[0m
  [1m[36mActiveRecord::SchemaMigration Pluck (0.7ms)[0m  [1m[34mSELECT "schema_migrations"."version" FROM "schema_migrations" ORDER BY "schema_migrations"."version" ASC[0m
  [1m[35m (0.3ms)[0m  [1m[34mSELECT pg_try_advisory_lock(6241598612536964460)[0m
  [1m[36mActiveRecord::SchemaMigration Pluck (75.2ms)[0m  [1m[34mSELECT "schema_migrations"."version" FROM "schema_migrations" ORDER BY "schema_migrations"."version" ASC[0m
Migrating to CreateBus (20230823211046)
  [1m[36mTRANSACTION (0.4ms)[0m  [1m[35mBEGIN[0m
  [1m[35m (824.7ms)[0m  [1m[35mCREATE TABLE "buses" ("id" bigserial primary key, "bus_model" character varying, "number_of_seats" character varying, "integer" character varying, "amenities" jsonb, "rating" integer, "created_at" timestamp(6) NOT NULL, "updated_at" timestamp(6) NOT NULL)[0m
  [1m[36mActiveRecord::SchemaMigration Create (0.8ms)[0m  [1m[32mINSERT INTO "schema_migrations" ("version") VALUES ($1) RETURNING "version"[0m  [["version", "20230823211046"]]
  [1m[36mTRANSACTION (57.0ms)[0m  [1m[35mCOMMIT[0m
  [1m[36mActiveRecord::InternalMetadata Load (23.7ms)[0m  [1m[34mSELECT "ar_internal_metadata".* FROM "ar_internal_metadata" WHERE "ar_internal_metadata"."key" = $1 LIMIT $2[0m  [["key", "environment"], ["LIMIT", 1]]
  [1m[35m (0.8ms)[0m  [1m[34mSELECT pg_advisory_unlock(6241598612536964460)[0m
  [1m[36mActiveRecord::SchemaMigration Pluck (0.6ms)[0m  [1m[34mSELECT "schema_migrations"."version" FROM "schema_migrations" ORDER BY "schema_migrations"."version" ASC[0m
  [1m[35m (0.5ms)[0m  [1m[34mSELECT pg_try_advisory_lock(6241598612536964460)[0m
  [1m[36mActiveRecord::SchemaMigration Pluck (0.5ms)[0m  [1m[34mSELECT "schema_migrations"."version" FROM "schema_migrations" ORDER BY "schema_migrations"."version" ASC[0m
Migrating to CreateRoutes (20230823212140)
  [1m[35m (0.3ms)[0m  [1m[34mSELECT pg_advisory_unlock(6241598612536964460)[0m
  [1m[35m (1582.3ms)[0m  [1m[35mCREATE DATABASE "dojang_tbs_development" ENCODING = 'unicode'[0m
  [1m[35m (860.2ms)[0m  [1m[35mCREATE DATABASE "dojang_tbs_test" ENCODING = 'unicode'[0m
  [1m[35m (42.0ms)[0m  [1m[35mCREATE DATABASE "dojang_tbs_development" ENCODING = 'unicode'[0m
  [1m[35m (0.3ms)[0m  [1m[35mCREATE DATABASE "dojang_tbs_test" ENCODING = 'unicode'[0m
  [1m[35m (511.8ms)[0m  [1m[35mCREATE TABLE "schema_migrations" ("version" character varying NOT NULL PRIMARY KEY)[0m
  [1m[35m (180.6ms)[0m  [1m[35mCREATE TABLE "ar_internal_metadata" ("key" character varying NOT NULL PRIMARY KEY, "value" character varying, "created_at" timestamp(6) NOT NULL, "updated_at" timestamp(6) NOT NULL)[0m
  [1m[35m (17.7ms)[0m  [1m[34mSELECT pg_try_advisory_lock(6241598612536964460)[0m
  [1m[36mActiveRecord::SchemaMigration Pluck (1.5ms)[0m  [1m[34mSELECT "schema_migrations"."version" FROM "schema_migrations" ORDER BY "schema_migrations"."version" ASC[0m
Migrating to DeviseCreateUsers (20230821221329)
  [1m[36mTRANSACTION (0.3ms)[0m  [1m[35mBEGIN[0m
  [1m[35m (125.8ms)[0m  [1m[35mCREATE TABLE "users" ("id" bigserial primary key, "email" character varying DEFAULT '' NOT NULL, "encrypted_password" character varying DEFAULT '' NOT NULL, "reset_password_token" character varying, "reset_password_sent_at" timestamp(6), "remember_created_at" timestamp(6), "created_at" timestamp(6) NOT NULL, "updated_at" timestamp(6) NOT NULL)[0m
  [1m[35m (76.0ms)[0m  [1m[35mCREATE UNIQUE INDEX "index_users_on_email" ON "users" ("email")[0m
  [1m[35m (54.6ms)[0m  [1m[35mCREATE UNIQUE INDEX "index_users_on_reset_password_token" ON "users" ("reset_password_token")[0m
  [1m[36mActiveRecord::SchemaMigration Create (0.8ms)[0m  [1m[32mINSERT INTO "schema_migrations" ("version") VALUES ($1) RETURNING "version"[0m  [["version", "20230821221329"]]
  [1m[36mTRANSACTION (20.4ms)[0m  [1m[35mCOMMIT[0m
Migrating to AddDetailsToUsers (20230821222119)
  [1m[36mTRANSACTION (0.3ms)[0m  [1m[35mBEGIN[0m
  [1m[35m (1.9ms)[0m  [1m[35mALTER TABLE "users" ADD "country" character varying[0m
  [1m[35m (0.6ms)[0m  [1m[35mALTER TABLE "users" ADD "user_name" character varying[0m
  [1m[35m (0.5ms)[0m  [1m[35mALTER TABLE "users" ADD "gender" character varying[0m
  [1m[35m (0.4ms)[0m  [1m[35mALTER TABLE "users" ADD "phone_number" character varying[0m
  [1m[36mActiveRecord::SchemaMigration Create (0.9ms)[0m  [1m[32mINSERT INTO "schema_migrations" ("version") VALUES ($1) RETURNING "version"[0m  [["version", "20230821222119"]]
  [1m[36mTRANSACTION (19.0ms)[0m  [1m[35mCOMMIT[0m
Migrating to CreateBus (20230823212506)
  [1m[36mTRANSACTION (0.3ms)[0m  [1m[35mBEGIN[0m
  [1m[35m (113.1ms)[0m  [1m[35mCREATE TABLE "buses" ("id" bigserial primary key, "bus_model" character varying, "number_of_seats" integer, "amenities" jsonb, "rating" integer, "created_at" timestamp(6) NOT NULL, "updated_at" timestamp(6) NOT NULL)[0m
  [1m[36mActiveRecord::SchemaMigration Create (0.6ms)[0m  [1m[32mINSERT INTO "schema_migrations" ("version") VALUES ($1) RETURNING "version"[0m  [["version", "20230823212506"]]
  [1m[36mTRANSACTION (15.4ms)[0m  [1m[35mCOMMIT[0m
  [1m[36mActiveRecord::InternalMetadata Load (0.4ms)[0m  [1m[34mSELECT "ar_internal_metadata".* FROM "ar_internal_metadata" WHERE "ar_internal_metadata"."key" = $1 LIMIT $2[0m  [["key", "environment"], ["LIMIT", 1]]
  [1m[36mTRANSACTION (0.2ms)[0m  [1m[35mBEGIN[0m
  [1m[36mActiveRecord::InternalMetadata Create (1.1ms)[0m  [1m[32mINSERT INTO "ar_internal_metadata" ("key", "value", "created_at", "updated_at") VALUES ($1, $2, $3, $4) RETURNING "key"[0m  [["key", "environment"], ["value", "development"], ["created_at", "2023-08-23 21:25:54.418201"], ["updated_at", "2023-08-23 21:25:54.418201"]]
  [1m[36mTRANSACTION (6.1ms)[0m  [1m[35mCOMMIT[0m
  [1m[35m (1.1ms)[0m  [1m[34mSELECT pg_advisory_unlock(6241598612536964460)[0m
  [1m[36mActiveRecord::SchemaMigration Pluck (0.7ms)[0m  [1m[34mSELECT "schema_migrations"."version" FROM "schema_migrations" ORDER BY "schema_migrations"."version" ASC[0m
  [1m[35m (0.5ms)[0m  [1m[34mSELECT pg_try_advisory_lock(6241598612536964460)[0m
  [1m[36mActiveRecord::SchemaMigration Pluck (0.6ms)[0m  [1m[34mSELECT "schema_migrations"."version" FROM "schema_migrations" ORDER BY "schema_migrations"."version" ASC[0m
Migrating to CreateRoutes (20230823212712)
  [1m[36mTRANSACTION (0.2ms)[0m  [1m[35mBEGIN[0m
  [1m[35m (651.2ms)[0m  [1m[35mCREATE TABLE "routes" ("id" bigserial primary key, "route_point_a" character varying, "route_point_b" character varying, "price" integer, "departure" timestamp(6), "created_at" timestamp(6) NOT NULL, "updated_at" timestamp(6) NOT NULL)[0m
  [1m[36mActiveRecord::SchemaMigration Create (0.8ms)[0m  [1m[32mINSERT INTO "schema_migrations" ("version") VALUES ($1) RETURNING "version"[0m  [["version", "20230823212712"]]
  [1m[36mTRANSACTION (15.8ms)[0m  [1m[35mCOMMIT[0m
  [1m[36mActiveRecord::InternalMetadata Load (1.2ms)[0m  [1m[34mSELECT "ar_internal_metadata".* FROM "ar_internal_metadata" WHERE "ar_internal_metadata"."key" = $1 LIMIT $2[0m  [["key", "environment"], ["LIMIT", 1]]
  [1m[35m (0.4ms)[0m  [1m[34mSELECT pg_advisory_unlock(6241598612536964460)[0m
  [1m[36mActiveRecord::SchemaMigration Pluck (1.4ms)[0m  [1m[34mSELECT "schema_migrations"."version" FROM "schema_migrations" ORDER BY "schema_migrations"."version" ASC[0m
  [1m[35m (4.0ms)[0m  [1m[35mCREATE DATABASE "dojang_tbs_development" ENCODING = 'unicode'[0m
  [1m[35m (1.9ms)[0m  [1m[35mCREATE DATABASE "dojang_tbs_test" ENCODING = 'unicode'[0m
  [1m[35m (0.3ms)[0m  [1m[34mSELECT pg_try_advisory_lock(6241598612536964460)[0m
  [1m[36mActiveRecord::SchemaMigration Pluck (1.1ms)[0m  [1m[34mSELECT "schema_migrations"."version" FROM "schema_migrations" ORDER BY "schema_migrations"."version" ASC[0m
Migrating to CreateBookingStation (20230823213030)
  [1m[36mTRANSACTION (0.2ms)[0m  [1m[35mBEGIN[0m
  [1m[35m (310.8ms)[0m  [1m[35mCREATE TABLE "booking_stations" ("id" bigserial primary key, "town" character varying, "landmark" character varying, "routes_id" bigint NOT NULL, "created_at" timestamp(6) NOT NULL, "updated_at" timestamp(6) NOT NULL, CONSTRAINT "fk_rails_68719e4870"
FOREIGN KEY ("routes_id")
  REFERENCES "routes" ("id")
)[0m
  [1m[35m (32.2ms)[0m  [1m[35mCREATE INDEX "index_booking_stations_on_routes_id" ON "booking_stations" ("routes_id")[0m
  [1m[36mActiveRecord::SchemaMigration Create (0.4ms)[0m  [1m[32mINSERT INTO "schema_migrations" ("version") VALUES ($1) RETURNING "version"[0m  [["version", "20230823213030"]]
  [1m[36mTRANSACTION (16.7ms)[0m  [1m[35mCOMMIT[0m
  [1m[36mActiveRecord::InternalMetadata Load (0.6ms)[0m  [1m[34mSELECT "ar_internal_metadata".* FROM "ar_internal_metadata" WHERE "ar_internal_metadata"."key" = $1 LIMIT $2[0m  [["key", "environment"], ["LIMIT", 1]]
  [1m[35m (0.4ms)[0m  [1m[34mSELECT pg_advisory_unlock(6241598612536964460)[0m
  [1m[36mActiveRecord::SchemaMigration Pluck (1.3ms)[0m  [1m[34mSELECT "schema_migrations"."version" FROM "schema_migrations" ORDER BY "schema_migrations"."version" ASC[0m
  [1m[35m (0.7ms)[0m  [1m[34mSELECT pg_try_advisory_lock(6241598612536964460)[0m
  [1m[36mActiveRecord::SchemaMigration Pluck (1.3ms)[0m  [1m[34mSELECT "schema_migrations"."version" FROM "schema_migrations" ORDER BY "schema_migrations"."version" ASC[0m
Migrating to CreateBuses (20230823213444)
  [1m[36mTRANSACTION (0.4ms)[0m  [1m[35mBEGIN[0m
  [1m[35m (93.0ms)[0m  [1m[35mCREATE TABLE "buses" ("id" bigserial primary key, "bus_model" character varying, "number_of_seats" integer, "amenities" jsonb, "rating" integer, "created_at" timestamp(6) NOT NULL, "updated_at" timestamp(6) NOT NULL)[0m
  [1m[36mTRANSACTION (0.8ms)[0m  [1m[31mROLLBACK[0m
  [1m[35m (0.9ms)[0m  [1m[34mSELECT pg_advisory_unlock(6241598612536964460)[0m
  [1m[35m (1317.7ms)[0m  [1m[35mCREATE DATABASE "dojang_tbs_development" ENCODING = 'unicode'[0m
  [1m[35m (949.1ms)[0m  [1m[35mCREATE DATABASE "dojang_tbs_test" ENCODING = 'unicode'[0m
  [1m[35m (183.4ms)[0m  [1m[35mCREATE TABLE "schema_migrations" ("version" character varying NOT NULL PRIMARY KEY)[0m
  [1m[35m (147.4ms)[0m  [1m[35mCREATE TABLE "ar_internal_metadata" ("key" character varying NOT NULL PRIMARY KEY, "value" character varying, "created_at" timestamp(6) NOT NULL, "updated_at" timestamp(6) NOT NULL)[0m
  [1m[35m (0.6ms)[0m  [1m[34mSELECT pg_try_advisory_lock(6241598612536964460)[0m
  [1m[36mActiveRecord::SchemaMigration Pluck (0.6ms)[0m  [1m[34mSELECT "schema_migrations"."version" FROM "schema_migrations" ORDER BY "schema_migrations"."version" ASC[0m
Migrating to DeviseCreateUsers (20230821221329)
  [1m[36mTRANSACTION (0.3ms)[0m  [1m[35mBEGIN[0m
  [1m[35m (160.6ms)[0m  [1m[35mCREATE TABLE "users" ("id" bigserial primary key, "email" character varying DEFAULT '' NOT NULL, "encrypted_password" character varying DEFAULT '' NOT NULL, "reset_password_token" character varying, "reset_password_sent_at" timestamp(6), "remember_created_at" timestamp(6), "created_at" timestamp(6) NOT NULL, "updated_at" timestamp(6) NOT NULL)[0m
  [1m[35m (78.9ms)[0m  [1m[35mCREATE UNIQUE INDEX "index_users_on_email" ON "users" ("email")[0m
  [1m[35m (38.8ms)[0m  [1m[35mCREATE UNIQUE INDEX "index_users_on_reset_password_token" ON "users" ("reset_password_token")[0m
  [1m[36mActiveRecord::SchemaMigration Create (0.7ms)[0m  [1m[32mINSERT INTO "schema_migrations" ("version") VALUES ($1) RETURNING "version"[0m  [["version", "20230821221329"]]
  [1m[36mTRANSACTION (15.9ms)[0m  [1m[35mCOMMIT[0m
Migrating to AddDetailsToUsers (20230821222119)
  [1m[36mTRANSACTION (0.2ms)[0m  [1m[35mBEGIN[0m
  [1m[35m (0.5ms)[0m  [1m[35mALTER TABLE "users" ADD "country" character varying[0m
  [1m[35m (0.5ms)[0m  [1m[35mALTER TABLE "users" ADD "user_name" character varying[0m
  [1m[35m (0.5ms)[0m  [1m[35mALTER TABLE "users" ADD "gender" character varying[0m
  [1m[35m (1.1ms)[0m  [1m[35mALTER TABLE "users" ADD "phone_number" character varying[0m
  [1m[36mActiveRecord::SchemaMigration Create (1.5ms)[0m  [1m[32mINSERT INTO "schema_migrations" ("version") VALUES ($1) RETURNING "version"[0m  [["version", "20230821222119"]]
  [1m[36mTRANSACTION (22.0ms)[0m  [1m[35mCOMMIT[0m
Migrating to CreateBuses (20230823213444)
  [1m[36mTRANSACTION (0.4ms)[0m  [1m[35mBEGIN[0m
  [1m[35m (139.5ms)[0m  [1m[35mCREATE TABLE "buses" ("id" bigserial primary key, "bus_model" character varying, "number_of_seats" integer, "amenities" jsonb, "rating" integer, "created_at" timestamp(6) NOT NULL, "updated_at" timestamp(6) NOT NULL)[0m
  [1m[36mActiveRecord::SchemaMigration Create (0.7ms)[0m  [1m[32mINSERT INTO "schema_migrations" ("version") VALUES ($1) RETURNING "version"[0m  [["version", "20230823213444"]]
  [1m[36mTRANSACTION (33.4ms)[0m  [1m[35mCOMMIT[0m
Migrating to CreateTracks (20230823214342)
  [1m[36mTRANSACTION (0.4ms)[0m  [1m[35mBEGIN[0m
  [1m[35m (153.6ms)[0m  [1m[35mCREATE TABLE "tracks" ("id" bigserial primary key, "route_point_a" character varying, "route_point_b" character varying, "price" integer, "departure" timestamp(6), "created_at" timestamp(6) NOT NULL, "updated_at" timestamp(6) NOT NULL)[0m
  [1m[36mActiveRecord::SchemaMigration Create (1.1ms)[0m  [1m[32mINSERT INTO "schema_migrations" ("version") VALUES ($1) RETURNING "version"[0m  [["version", "20230823214342"]]
  [1m[36mTRANSACTION (19.1ms)[0m  [1m[35mCOMMIT[0m
Migrating to CreateBookingStations (20230823214548)
  [1m[36mTRANSACTION (0.2ms)[0m  [1m[35mBEGIN[0m
  [1m[35m (206.9ms)[0m  [1m[35mCREATE TABLE "booking_stations" ("id" bigserial primary key, "town" character varying, "landmark" character varying, "track_id" bigint NOT NULL, "created_at" timestamp(6) NOT NULL, "updated_at" timestamp(6) NOT NULL, CONSTRAINT "fk_rails_62d78f9947"
FOREIGN KEY ("track_id")
  REFERENCES "tracks" ("id")
)[0m
  [1m[35m (58.0ms)[0m  [1m[35mCREATE INDEX "index_booking_stations_on_track_id" ON "booking_stations" ("track_id")[0m
  [1m[36mActiveRecord::SchemaMigration Create (0.4ms)[0m  [1m[32mINSERT INTO "schema_migrations" ("version") VALUES ($1) RETURNING "version"[0m  [["version", "20230823214548"]]
  [1m[36mTRANSACTION (16.8ms)[0m  [1m[35mCOMMIT[0m
  [1m[36mActiveRecord::InternalMetadata Load (0.3ms)[0m  [1m[34mSELECT "ar_internal_metadata".* FROM "ar_internal_metadata" WHERE "ar_internal_metadata"."key" = $1 LIMIT $2[0m  [["key", "environment"], ["LIMIT", 1]]
  [1m[36mTRANSACTION (0.2ms)[0m  [1m[35mBEGIN[0m
  [1m[36mActiveRecord::InternalMetadata Create (13.6ms)[0m  [1m[32mINSERT INTO "ar_internal_metadata" ("key", "value", "created_at", "updated_at") VALUES ($1, $2, $3, $4) RETURNING "key"[0m  [["key", "environment"], ["value", "development"], ["created_at", "2023-08-23 21:46:45.850064"], ["updated_at", "2023-08-23 21:46:45.850064"]]
  [1m[36mTRANSACTION (18.5ms)[0m  [1m[35mCOMMIT[0m
  [1m[35m (0.6ms)[0m  [1m[34mSELECT pg_advisory_unlock(6241598612536964460)[0m
  [1m[36mActiveRecord::SchemaMigration Pluck (0.6ms)[0m  [1m[34mSELECT "schema_migrations"."version" FROM "schema_migrations" ORDER BY "schema_migrations"."version" ASC[0m
  [1m[35m (50.9ms)[0m  [1m[35mCREATE DATABASE "dojang_tbs_development" ENCODING = 'unicode'[0m
  [1m[35m (0.6ms)[0m  [1m[35mCREATE DATABASE "dojang_tbs_test" ENCODING = 'unicode'[0m
  [1m[35m (0.8ms)[0m  [1m[34mSELECT pg_try_advisory_lock(6241598612536964460)[0m
  [1m[36mActiveRecord::SchemaMigration Pluck (1.5ms)[0m  [1m[34mSELECT "schema_migrations"."version" FROM "schema_migrations" ORDER BY "schema_migrations"."version" ASC[0m
Migrating to CreateTickets (20230823215356)
  [1m[36mTRANSACTION (0.4ms)[0m  [1m[35mBEGIN[0m
  [1m[35m (220.6ms)[0m  [1m[35mCREATE TABLE "tickets" ("id" bigserial primary key, "booking_ref" character varying, "seat_number" integer, "user_id" bigint NOT NULL, "bus_id" bigint NOT NULL, "track_id" bigint NOT NULL, "booking_station_id" bigint NOT NULL, "created_at" timestamp(6) NOT NULL, "updated_at" timestamp(6) NOT NULL, CONSTRAINT "fk_rails_538a036fb9"
FOREIGN KEY ("user_id")
  REFERENCES "users" ("id")
, CONSTRAINT "fk_rails_e59f4f419d"
FOREIGN KEY ("bus_id")
  REFERENCES "buses" ("id")
, CONSTRAINT "fk_rails_3f67cf280b"
FOREIGN KEY ("track_id")
  REFERENCES "tracks" ("id")
, CONSTRAINT "fk_rails_60ccd66215"
FOREIGN KEY ("booking_station_id")
  REFERENCES "booking_stations" ("id")
)[0m
  [1m[35m (34.5ms)[0m  [1m[35mCREATE INDEX "index_tickets_on_user_id" ON "tickets" ("user_id")[0m
  [1m[35m (37.0ms)[0m  [1m[35mCREATE INDEX "index_tickets_on_bus_id" ON "tickets" ("bus_id")[0m
  [1m[35m (56.3ms)[0m  [1m[35mCREATE INDEX "index_tickets_on_track_id" ON "tickets" ("track_id")[0m
  [1m[35m (36.6ms)[0m  [1m[35mCREATE INDEX "index_tickets_on_booking_station_id" ON "tickets" ("booking_station_id")[0m
  [1m[36mActiveRecord::SchemaMigration Create (0.5ms)[0m  [1m[32mINSERT INTO "schema_migrations" ("version") VALUES ($1) RETURNING "version"[0m  [["version", "20230823215356"]]
  [1m[36mTRANSACTION (14.5ms)[0m  [1m[35mCOMMIT[0m
  [1m[36mActiveRecord::InternalMetadata Load (12.5ms)[0m  [1m[34mSELECT "ar_internal_metadata".* FROM "ar_internal_metadata" WHERE "ar_internal_metadata"."key" = $1 LIMIT $2[0m  [["key", "environment"], ["LIMIT", 1]]
  [1m[35m (0.6ms)[0m  [1m[34mSELECT pg_advisory_unlock(6241598612536964460)[0m
  [1m[36mActiveRecord::SchemaMigration Pluck (0.6ms)[0m  [1m[34mSELECT "schema_migrations"."version" FROM "schema_migrations" ORDER BY "schema_migrations"."version" ASC[0m
  [1m[35m (1.1ms)[0m  [1m[34mSELECT pg_try_advisory_lock(6241598612536964460)[0m
  [1m[36mActiveRecord::SchemaMigration Pluck (1.4ms)[0m  [1m[34mSELECT "schema_migrations"."version" FROM "schema_migrations" ORDER BY "schema_migrations"."version" ASC[0m
Migrating to AddTrackReferencesToUser (20230823215742)
  [1m[36mTRANSACTION (2.0ms)[0m  [1m[35mBEGIN[0m
  [1m[35m (23.1ms)[0m  [1m[35mALTER TABLE "users" ADD "track_id" bigint NOT NULL[0m
  [1m[35m (148.0ms)[0m  [1m[35mCREATE INDEX "index_users_on_track_id" ON "users" ("track_id")[0m
  [1m[35m (169.0ms)[0m  [1m[35mALTER TABLE "users" ADD CONSTRAINT "fk_rails_3e68ab4c3a"
FOREIGN KEY ("track_id")
  REFERENCES "tracks" ("id")
[0m
  [1m[36mActiveRecord::SchemaMigration Create (1.0ms)[0m  [1m[32mINSERT INTO "schema_migrations" ("version") VALUES ($1) RETURNING "version"[0m  [["version", "20230823215742"]]
  [1m[36mTRANSACTION (20.3ms)[0m  [1m[35mCOMMIT[0m
Migrating to AddRefencesToBus (20230823215933)
  [1m[36mTRANSACTION (0.8ms)[0m  [1m[35mBEGIN[0m
  [1m[35m (1.0ms)[0m  [1m[35mALTER TABLE "buses" ADD "ticket_id" bigint NOT NULL[0m
  [1m[35m (68.5ms)[0m  [1m[35mCREATE INDEX "index_buses_on_ticket_id" ON "buses" ("ticket_id")[0m
  [1m[35m (42.3ms)[0m  [1m[35mALTER TABLE "buses" ADD CONSTRAINT "fk_rails_bbc0c16d0a"
FOREIGN KEY ("ticket_id")
  REFERENCES "tickets" ("id")
[0m
  [1m[35m (2.1ms)[0m  [1m[35mALTER TABLE "buses" ADD "track_id" bigint NOT NULL[0m
  [1m[35m (55.3ms)[0m  [1m[35mCREATE INDEX "index_buses_on_track_id" ON "buses" ("track_id")[0m
  [1m[35m (18.6ms)[0m  [1m[35mALTER TABLE "buses" ADD CONSTRAINT "fk_rails_707855105f"
FOREIGN KEY ("track_id")
  REFERENCES "tracks" ("id")
[0m
  [1m[36mActiveRecord::SchemaMigration Create (0.5ms)[0m  [1m[32mINSERT INTO "schema_migrations" ("version") VALUES ($1) RETURNING "version"[0m  [["version", "20230823215933"]]
  [1m[36mTRANSACTION (120.6ms)[0m  [1m[35mCOMMIT[0m
Migrating to AddReferencesToTrack (20230823220225)
  [1m[36mTRANSACTION (0.3ms)[0m  [1m[35mBEGIN[0m
  [1m[35m (0.6ms)[0m  [1m[35mALTER TABLE "tracks" ADD "bus_id" bigint NOT NULL[0m
  [1m[35m (57.8ms)[0m  [1m[35mCREATE INDEX "index_tracks_on_bus_id" ON "tracks" ("bus_id")[0m
  [1m[35m (1.3ms)[0m  [1m[35mALTER TABLE "tracks" ADD CONSTRAINT "fk_rails_1794e6c02f"
FOREIGN KEY ("bus_id")
  REFERENCES "buses" ("id")
[0m
  [1m[35m (0.5ms)[0m  [1m[35mALTER TABLE "tracks" ADD "ticket_id" bigint NOT NULL[0m
  [1m[35m (67.5ms)[0m  [1m[35mCREATE INDEX "index_tracks_on_ticket_id" ON "tracks" ("ticket_id")[0m
  [1m[35m (24.9ms)[0m  [1m[35mALTER TABLE "tracks" ADD CONSTRAINT "fk_rails_f07b4b3b1b"
FOREIGN KEY ("ticket_id")
  REFERENCES "tickets" ("id")
[0m
  [1m[35m (1.0ms)[0m  [1m[35mALTER TABLE "tracks" ADD "booking_stations_id" bigint NOT NULL[0m
  [1m[35m (73.9ms)[0m  [1m[35mCREATE INDEX "index_tracks_on_booking_stations_id" ON "tracks" ("booking_stations_id")[0m
  [1m[35m (65.6ms)[0m  [1m[35mALTER TABLE "tracks" ADD CONSTRAINT "fk_rails_8d3b400c68"
FOREIGN KEY ("booking_stations_id")
  REFERENCES "booking_stations" ("id")
[0m
  [1m[36mActiveRecord::SchemaMigration Create (0.7ms)[0m  [1m[32mINSERT INTO "schema_migrations" ("version") VALUES ($1) RETURNING "version"[0m  [["version", "20230823220225"]]
  [1m[36mTRANSACTION (14.6ms)[0m  [1m[35mCOMMIT[0m
Migrating to AddTicketToBookingStation (20230823220325)
  [1m[36mTRANSACTION (1.0ms)[0m  [1m[35mBEGIN[0m
  [1m[35m (1.6ms)[0m  [1m[35mALTER TABLE "booking_stations" ADD "ticket_id" bigint NOT NULL[0m
  [1m[35m (35.3ms)[0m  [1m[35mCREATE INDEX "index_booking_stations_on_ticket_id" ON "booking_stations" ("ticket_id")[0m
  [1m[35m (22.0ms)[0m  [1m[35mALTER TABLE "booking_stations" ADD CONSTRAINT "fk_rails_4a9e02591f"
FOREIGN KEY ("ticket_id")
  REFERENCES "tickets" ("id")
[0m
  [1m[36mActiveRecord::SchemaMigration Create (0.7ms)[0m  [1m[32mINSERT INTO "schema_migrations" ("version") VALUES ($1) RETURNING "version"[0m  [["version", "20230823220325"]]
  [1m[36mTRANSACTION (24.1ms)[0m  [1m[35mCOMMIT[0m
  [1m[36mActiveRecord::InternalMetadata Load (1.5ms)[0m  [1m[34mSELECT "ar_internal_metadata".* FROM "ar_internal_metadata" WHERE "ar_internal_metadata"."key" = $1 LIMIT $2[0m  [["key", "environment"], ["LIMIT", 1]]
  [1m[35m (1.0ms)[0m  [1m[34mSELECT pg_advisory_unlock(6241598612536964460)[0m
  [1m[36mActiveRecord::SchemaMigration Pluck (0.7ms)[0m  [1m[34mSELECT "schema_migrations"."version" FROM "schema_migrations" ORDER BY "schema_migrations"."version" ASC[0m
  [1m[35m (0.2ms)[0m  [1m[34mSELECT pg_try_advisory_lock(6241598612536964460)[0m
  [1m[36mActiveRecord::SchemaMigration Pluck (1.1ms)[0m  [1m[34mSELECT "schema_migrations"."version" FROM "schema_migrations" ORDER BY "schema_migrations"."version" ASC[0m
Migrating to CreateTracks (20230823214342)
  [1m[36mTRANSACTION (0.3ms)[0m  [1m[35mBEGIN[0m
  [1m[35m (127.8ms)[0m  [1m[35mCREATE TABLE "tracks" ("id" bigserial primary key, "route_point_a" character varying, "route_point_b" character varying, "price" integer, "departure" timestamp(6), "created_at" timestamp(6) NOT NULL, "updated_at" timestamp(6) NOT NULL)[0m
  [1m[36mActiveRecord::SchemaMigration Create (0.6ms)[0m  [1m[32mINSERT INTO "schema_migrations" ("version") VALUES ($1) RETURNING "version"[0m  [["version", "20230823214342"]]
  [1m[36mTRANSACTION (18.6ms)[0m  [1m[35mCOMMIT[0m
Migrating to CreateBookingStations (20230823214548)
  [1m[36mTRANSACTION (0.3ms)[0m  [1m[35mBEGIN[0m
  [1m[35m (116.5ms)[0m  [1m[35mCREATE TABLE "booking_stations" ("id" bigserial primary key, "town" character varying, "landmark" character varying, "track_id" bigint NOT NULL, "created_at" timestamp(6) NOT NULL, "updated_at" timestamp(6) NOT NULL, CONSTRAINT "fk_rails_62d78f9947"
FOREIGN KEY ("track_id")
  REFERENCES "tracks" ("id")
)[0m
  [1m[35m (47.4ms)[0m  [1m[35mCREATE INDEX "index_booking_stations_on_track_id" ON "booking_stations" ("track_id")[0m
  [1m[36mActiveRecord::SchemaMigration Create (0.6ms)[0m  [1m[32mINSERT INTO "schema_migrations" ("version") VALUES ($1) RETURNING "version"[0m  [["version", "20230823214548"]]
  [1m[36mTRANSACTION (18.6ms)[0m  [1m[35mCOMMIT[0m
Migrating to CreateTickets (20230823215356)
  [1m[36mTRANSACTION (0.3ms)[0m  [1m[35mBEGIN[0m
  [1m[35m (108.3ms)[0m  [1m[35mCREATE TABLE "tickets" ("id" bigserial primary key, "booking_ref" character varying, "seat_number" integer, "user_id" bigint NOT NULL, "bus_id" bigint NOT NULL, "track_id" bigint NOT NULL, "booking_station_id" bigint NOT NULL, "created_at" timestamp(6) NOT NULL, "updated_at" timestamp(6) NOT NULL, CONSTRAINT "fk_rails_538a036fb9"
FOREIGN KEY ("user_id")
  REFERENCES "users" ("id")
, CONSTRAINT "fk_rails_e59f4f419d"
FOREIGN KEY ("bus_id")
  REFERENCES "buses" ("id")
, CONSTRAINT "fk_rails_3f67cf280b"
FOREIGN KEY ("track_id")
  REFERENCES "tracks" ("id")
, CONSTRAINT "fk_rails_60ccd66215"
FOREIGN KEY ("booking_station_id")
  REFERENCES "booking_stations" ("id")
)[0m
  [1m[35m (37.9ms)[0m  [1m[35mCREATE INDEX "index_tickets_on_user_id" ON "tickets" ("user_id")[0m
  [1m[35m (48.1ms)[0m  [1m[35mCREATE INDEX "index_tickets_on_bus_id" ON "tickets" ("bus_id")[0m
  [1m[35m (47.4ms)[0m  [1m[35mCREATE INDEX "index_tickets_on_track_id" ON "tickets" ("track_id")[0m
  [1m[35m (47.0ms)[0m  [1m[35mCREATE INDEX "index_tickets_on_booking_station_id" ON "tickets" ("booking_station_id")[0m
  [1m[36mActiveRecord::SchemaMigration Create (0.7ms)[0m  [1m[32mINSERT INTO "schema_migrations" ("version") VALUES ($1) RETURNING "version"[0m  [["version", "20230823215356"]]
  [1m[36mTRANSACTION (25.1ms)[0m  [1m[35mCOMMIT[0m
Migrating to AddTrackReferencesToUser (20230823215742)
  [1m[36mTRANSACTION (0.3ms)[0m  [1m[35mBEGIN[0m
  [1m[35m (0.5ms)[0m  [1m[35mALTER TABLE "users" ADD "track_id" bigint NOT NULL[0m
  [1m[35m (62.1ms)[0m  [1m[35mCREATE INDEX "index_users_on_track_id" ON "users" ("track_id")[0m
  [1m[35m (2.2ms)[0m  [1m[35mALTER TABLE "users" ADD CONSTRAINT "fk_rails_3e68ab4c3a"
FOREIGN KEY ("track_id")
  REFERENCES "tracks" ("id")
[0m
  [1m[36mActiveRecord::SchemaMigration Create (0.4ms)[0m  [1m[32mINSERT INTO "schema_migrations" ("version") VALUES ($1) RETURNING "version"[0m  [["version", "20230823215742"]]
  [1m[36mTRANSACTION (14.7ms)[0m  [1m[35mCOMMIT[0m
Migrating to AddRefencesToBus (20230823215933)
  [1m[36mTRANSACTION (0.2ms)[0m  [1m[35mBEGIN[0m
  [1m[35m (0.5ms)[0m  [1m[35mALTER TABLE "buses" ADD "ticket_id" bigint NOT NULL[0m
  [1m[35m (53.6ms)[0m  [1m[35mCREATE INDEX "index_buses_on_ticket_id" ON "buses" ("ticket_id")[0m
  [1m[35m (1.5ms)[0m  [1m[35mALTER TABLE "buses" ADD CONSTRAINT "fk_rails_bbc0c16d0a"
FOREIGN KEY ("ticket_id")
  REFERENCES "tickets" ("id")
[0m
  [1m[35m (0.5ms)[0m  [1m[35mALTER TABLE "buses" ADD "track_id" bigint NOT NULL[0m
  [1m[35m (48.3ms)[0m  [1m[35mCREATE INDEX "index_buses_on_track_id" ON "buses" ("track_id")[0m
  [1m[35m (1.5ms)[0m  [1m[35mALTER TABLE "buses" ADD CONSTRAINT "fk_rails_707855105f"
FOREIGN KEY ("track_id")
  REFERENCES "tracks" ("id")
[0m
  [1m[36mActiveRecord::SchemaMigration Create (0.3ms)[0m  [1m[32mINSERT INTO "schema_migrations" ("version") VALUES ($1) RETURNING "version"[0m  [["version", "20230823215933"]]
  [1m[36mTRANSACTION (8.3ms)[0m  [1m[35mCOMMIT[0m
Migrating to AddReferencesToTrack (20230823220225)
  [1m[36mTRANSACTION (0.2ms)[0m  [1m[35mBEGIN[0m
  [1m[35m (0.4ms)[0m  [1m[35mALTER TABLE "tracks" ADD "bus_id" bigint NOT NULL[0m
  [1m[35m (55.1ms)[0m  [1m[35mCREATE INDEX "index_tracks_on_bus_id" ON "tracks" ("bus_id")[0m
  [1m[35m (1.6ms)[0m  [1m[35mALTER TABLE "tracks" ADD CONSTRAINT "fk_rails_1794e6c02f"
FOREIGN KEY ("bus_id")
  REFERENCES "buses" ("id")
[0m
  [1m[35m (0.7ms)[0m  [1m[35mALTER TABLE "tracks" ADD "ticket_id" bigint NOT NULL[0m
  [1m[35m (47.6ms)[0m  [1m[35mCREATE INDEX "index_tracks_on_ticket_id" ON "tracks" ("ticket_id")[0m
  [1m[35m (1.6ms)[0m  [1m[35mALTER TABLE "tracks" ADD CONSTRAINT "fk_rails_f07b4b3b1b"
FOREIGN KEY ("ticket_id")
  REFERENCES "tickets" ("id")
[0m
  [1m[35m (0.5ms)[0m  [1m[35mALTER TABLE "tracks" ADD "booking_stations_id" bigint NOT NULL[0m
  [1m[35m (47.2ms)[0m  [1m[35mCREATE INDEX "index_tracks_on_booking_stations_id" ON "tracks" ("booking_stations_id")[0m
  [1m[35m (1.9ms)[0m  [1m[35mALTER TABLE "tracks" ADD CONSTRAINT "fk_rails_8d3b400c68"
FOREIGN KEY ("booking_stations_id")
  REFERENCES "booking_stations" ("id")
[0m
  [1m[36mActiveRecord::SchemaMigration Create (0.4ms)[0m  [1m[32mINSERT INTO "schema_migrations" ("version") VALUES ($1) RETURNING "version"[0m  [["version", "20230823220225"]]
  [1m[36mTRANSACTION (18.9ms)[0m  [1m[35mCOMMIT[0m
Migrating to AddTicketToBookingStation (20230823220325)
  [1m[36mTRANSACTION (0.4ms)[0m  [1m[35mBEGIN[0m
  [1m[35m (0.5ms)[0m  [1m[35mALTER TABLE "booking_stations" ADD "ticket_id" bigint NOT NULL[0m
  [1m[35m (49.5ms)[0m  [1m[35mCREATE INDEX "index_booking_stations_on_ticket_id" ON "booking_stations" ("ticket_id")[0m
  [1m[35m (1.1ms)[0m  [1m[35mALTER TABLE "booking_stations" ADD CONSTRAINT "fk_rails_4a9e02591f"
FOREIGN KEY ("ticket_id")
  REFERENCES "tickets" ("id")
[0m
  [1m[36mActiveRecord::SchemaMigration Create (3.6ms)[0m  [1m[32mINSERT INTO "schema_migrations" ("version") VALUES ($1) RETURNING "version"[0m  [["version", "20230823220325"]]
  [1m[36mTRANSACTION (18.6ms)[0m  [1m[35mCOMMIT[0m
  [1m[36mActiveRecord::InternalMetadata Load (0.5ms)[0m  [1m[34mSELECT "ar_internal_metadata".* FROM "ar_internal_metadata" WHERE "ar_internal_metadata"."key" = $1 LIMIT $2[0m  [["key", "environment"], ["LIMIT", 1]]
  [1m[36mTRANSACTION (0.2ms)[0m  [1m[35mBEGIN[0m
  [1m[36mActiveRecord::InternalMetadata Create (0.8ms)[0m  [1m[32mINSERT INTO "ar_internal_metadata" ("key", "value", "created_at", "updated_at") VALUES ($1, $2, $3, $4) RETURNING "key"[0m  [["key", "environment"], ["value", "development"], ["created_at", "2023-08-27 22:16:58.869041"], ["updated_at", "2023-08-27 22:16:58.869041"]]
  [1m[36mTRANSACTION (37.8ms)[0m  [1m[35mCOMMIT[0m
  [1m[35m (0.5ms)[0m  [1m[34mSELECT pg_advisory_unlock(6241598612536964460)[0m
  [1m[36mActiveRecord::SchemaMigration Pluck (1.0ms)[0m  [1m[34mSELECT "schema_migrations"."version" FROM "schema_migrations" ORDER BY "schema_migrations"."version" ASC[0m
  [1m[35m (767.1ms)[0m  [1m[35mCREATE DATABASE "dojang_tbs_development" ENCODING = 'unicode'[0m
  [1m[35m (770.4ms)[0m  [1m[35mCREATE DATABASE "dojang_tbs_test" ENCODING = 'unicode'[0m
  [1m[35m (104.5ms)[0m  [1m[35mCREATE TABLE "schema_migrations" ("version" character varying NOT NULL PRIMARY KEY)[0m
  [1m[35m (106.7ms)[0m  [1m[35mCREATE TABLE "ar_internal_metadata" ("key" character varying NOT NULL PRIMARY KEY, "value" character varying, "created_at" timestamp(6) NOT NULL, "updated_at" timestamp(6) NOT NULL)[0m
  [1m[35m (0.5ms)[0m  [1m[34mSELECT pg_try_advisory_lock(6241598612536964460)[0m
  [1m[36mActiveRecord::SchemaMigration Pluck (0.8ms)[0m  [1m[34mSELECT "schema_migrations"."version" FROM "schema_migrations" ORDER BY "schema_migrations"."version" ASC[0m
Migrating to DeviseCreateUsers (20230821221329)
  [1m[36mTRANSACTION (0.4ms)[0m  [1m[35mBEGIN[0m
  [1m[35m (75.9ms)[0m  [1m[35mCREATE TABLE "users" ("id" bigserial primary key, "email" character varying DEFAULT '' NOT NULL, "encrypted_password" character varying DEFAULT '' NOT NULL, "reset_password_token" character varying, "reset_password_sent_at" timestamp(6), "remember_created_at" timestamp(6), "created_at" timestamp(6) NOT NULL, "updated_at" timestamp(6) NOT NULL)[0m
  [1m[35m (30.3ms)[0m  [1m[35mCREATE UNIQUE INDEX "index_users_on_email" ON "users" ("email")[0m
  [1m[35m (57.4ms)[0m  [1m[35mCREATE UNIQUE INDEX "index_users_on_reset_password_token" ON "users" ("reset_password_token")[0m
  [1m[36mActiveRecord::SchemaMigration Create (1.1ms)[0m  [1m[32mINSERT INTO "schema_migrations" ("version") VALUES ($1) RETURNING "version"[0m  [["version", "20230821221329"]]
  [1m[36mTRANSACTION (4.1ms)[0m  [1m[35mCOMMIT[0m
Migrating to AddDetailsToUsers (20230821222119)
  [1m[36mTRANSACTION (0.6ms)[0m  [1m[35mBEGIN[0m
  [1m[35m (1.1ms)[0m  [1m[35mALTER TABLE "users" ADD "country" character varying[0m
  [1m[35m (0.8ms)[0m  [1m[35mALTER TABLE "users" ADD "user_name" character varying[0m
  [1m[35m (0.8ms)[0m  [1m[35mALTER TABLE "users" ADD "gender" character varying[0m
  [1m[35m (0.7ms)[0m  [1m[35mALTER TABLE "users" ADD "phone_number" character varying[0m
  [1m[36mActiveRecord::SchemaMigration Create (0.6ms)[0m  [1m[32mINSERT INTO "schema_migrations" ("version") VALUES ($1) RETURNING "version"[0m  [["version", "20230821222119"]]
  [1m[36mTRANSACTION (8.3ms)[0m  [1m[35mCOMMIT[0m
Migrating to CreateBuses (20230823213444)
  [1m[36mTRANSACTION (0.4ms)[0m  [1m[35mBEGIN[0m
  [1m[35m (74.1ms)[0m  [1m[35mCREATE TABLE "buses" ("id" bigserial primary key, "bus_model" character varying, "number_of_seats" integer, "amenities" jsonb, "rating" integer, "created_at" timestamp(6) NOT NULL, "updated_at" timestamp(6) NOT NULL)[0m
  [1m[36mActiveRecord::SchemaMigration Create (0.7ms)[0m  [1m[32mINSERT INTO "schema_migrations" ("version") VALUES ($1) RETURNING "version"[0m  [["version", "20230823213444"]]
  [1m[36mTRANSACTION (19.4ms)[0m  [1m[35mCOMMIT[0m
Migrating to CreateTracks (20230823214342)
  [1m[36mTRANSACTION (0.7ms)[0m  [1m[35mBEGIN[0m
  [1m[35m (112.6ms)[0m  [1m[35mCREATE TABLE "tracks" ("id" bigserial primary key, "route_point_a" character varying, "route_point_b" character varying, "price" integer, "departure" timestamp(6), "created_at" timestamp(6) NOT NULL, "updated_at" timestamp(6) NOT NULL)[0m
  [1m[36mActiveRecord::SchemaMigration Create (0.7ms)[0m  [1m[32mINSERT INTO "schema_migrations" ("version") VALUES ($1) RETURNING "version"[0m  [["version", "20230823214342"]]
  [1m[36mTRANSACTION (19.0ms)[0m  [1m[35mCOMMIT[0m
Migrating to CreateBookingStations (20230823214548)
  [1m[36mTRANSACTION (0.6ms)[0m  [1m[35mBEGIN[0m
  [1m[35m (69.3ms)[0m  [1m[35mCREATE TABLE "booking_stations" ("id" bigserial primary key, "town" character varying, "landmark" character varying, "track_id" bigint NOT NULL, "created_at" timestamp(6) NOT NULL, "updated_at" timestamp(6) NOT NULL, CONSTRAINT "fk_rails_62d78f9947"
FOREIGN KEY ("track_id")
  REFERENCES "tracks" ("id")
)[0m
  [1m[35m (67.0ms)[0m  [1m[35mCREATE INDEX "index_booking_stations_on_track_id" ON "booking_stations" ("track_id")[0m
  [1m[36mActiveRecord::SchemaMigration Create (0.8ms)[0m  [1m[32mINSERT INTO "schema_migrations" ("version") VALUES ($1) RETURNING "version"[0m  [["version", "20230823214548"]]
  [1m[36mTRANSACTION (11.7ms)[0m  [1m[35mCOMMIT[0m
Migrating to CreateTickets (20230823215356)
  [1m[36mTRANSACTION (0.4ms)[0m  [1m[35mBEGIN[0m
  [1m[35m (90.4ms)[0m  [1m[35mCREATE TABLE "tickets" ("id" bigserial primary key, "booking_ref" character varying, "seat_number" integer, "user_id" bigint NOT NULL, "bus_id" bigint NOT NULL, "track_id" bigint NOT NULL, "booking_station_id" bigint NOT NULL, "created_at" timestamp(6) NOT NULL, "updated_at" timestamp(6) NOT NULL, CONSTRAINT "fk_rails_538a036fb9"
FOREIGN KEY ("user_id")
  REFERENCES "users" ("id")
, CONSTRAINT "fk_rails_e59f4f419d"
FOREIGN KEY ("bus_id")
  REFERENCES "buses" ("id")
, CONSTRAINT "fk_rails_3f67cf280b"
FOREIGN KEY ("track_id")
  REFERENCES "tracks" ("id")
, CONSTRAINT "fk_rails_60ccd66215"
FOREIGN KEY ("booking_station_id")
  REFERENCES "booking_stations" ("id")
)[0m
  [1m[35m (36.0ms)[0m  [1m[35mCREATE INDEX "index_tickets_on_user_id" ON "tickets" ("user_id")[0m
  [1m[35m (39.8ms)[0m  [1m[35mCREATE INDEX "index_tickets_on_bus_id" ON "tickets" ("bus_id")[0m
  [1m[35m (52.9ms)[0m  [1m[35mCREATE INDEX "index_tickets_on_track_id" ON "tickets" ("track_id")[0m
  [1m[35m (43.3ms)[0m  [1m[35mCREATE INDEX "index_tickets_on_booking_station_id" ON "tickets" ("booking_station_id")[0m
  [1m[36mActiveRecord::SchemaMigration Create (0.6ms)[0m  [1m[32mINSERT INTO "schema_migrations" ("version") VALUES ($1) RETURNING "version"[0m  [["version", "20230823215356"]]
  [1m[36mTRANSACTION (14.7ms)[0m  [1m[35mCOMMIT[0m
Migrating to AddTicketReferencesToUser (20230823215742)
  [1m[35m (0.9ms)[0m  [1m[34mSELECT pg_advisory_unlock(6241598612536964460)[0m
  [1m[35m (1311.8ms)[0m  [1m[35mCREATE DATABASE "dojang_tbs_development" ENCODING = 'unicode'[0m
  [1m[35m (900.8ms)[0m  [1m[35mCREATE DATABASE "dojang_tbs_test" ENCODING = 'unicode'[0m
  [1m[35m (281.0ms)[0m  [1m[35mCREATE TABLE "schema_migrations" ("version" character varying NOT NULL PRIMARY KEY)[0m
  [1m[35m (218.4ms)[0m  [1m[35mCREATE TABLE "ar_internal_metadata" ("key" character varying NOT NULL PRIMARY KEY, "value" character varying, "created_at" timestamp(6) NOT NULL, "updated_at" timestamp(6) NOT NULL)[0m
  [1m[35m (0.4ms)[0m  [1m[34mSELECT pg_try_advisory_lock(6241598612536964460)[0m
  [1m[36mActiveRecord::SchemaMigration Pluck (0.8ms)[0m  [1m[34mSELECT "schema_migrations"."version" FROM "schema_migrations" ORDER BY "schema_migrations"."version" ASC[0m
Migrating to DeviseCreateUsers (20230821221329)
  [1m[36mTRANSACTION (0.4ms)[0m  [1m[35mBEGIN[0m
  [1m[35m (241.3ms)[0m  [1m[35mCREATE TABLE "users" ("id" bigserial primary key, "email" character varying DEFAULT '' NOT NULL, "encrypted_password" character varying DEFAULT '' NOT NULL, "reset_password_token" character varying, "reset_password_sent_at" timestamp(6), "remember_created_at" timestamp(6), "created_at" timestamp(6) NOT NULL, "updated_at" timestamp(6) NOT NULL)[0m
  [1m[35m (94.5ms)[0m  [1m[35mCREATE UNIQUE INDEX "index_users_on_email" ON "users" ("email")[0m
  [1m[35m (129.6ms)[0m  [1m[35mCREATE UNIQUE INDEX "index_users_on_reset_password_token" ON "users" ("reset_password_token")[0m
  [1m[36mActiveRecord::SchemaMigration Create (0.5ms)[0m  [1m[32mINSERT INTO "schema_migrations" ("version") VALUES ($1) RETURNING "version"[0m  [["version", "20230821221329"]]
  [1m[36mTRANSACTION (35.4ms)[0m  [1m[35mCOMMIT[0m
Migrating to AddDetailsToUsers (20230821222119)
  [1m[36mTRANSACTION (0.4ms)[0m  [1m[35mBEGIN[0m
  [1m[35m (35.4ms)[0m  [1m[35mALTER TABLE "users" ADD "country" character varying[0m
  [1m[35m (0.7ms)[0m  [1m[35mALTER TABLE "users" ADD "user_name" character varying[0m
  [1m[35m (0.5ms)[0m  [1m[35mALTER TABLE "users" ADD "gender" character varying[0m
  [1m[35m (0.5ms)[0m  [1m[35mALTER TABLE "users" ADD "phone_number" character varying[0m
  [1m[36mActiveRecord::SchemaMigration Create (0.5ms)[0m  [1m[32mINSERT INTO "schema_migrations" ("version") VALUES ($1) RETURNING "version"[0m  [["version", "20230821222119"]]
  [1m[36mTRANSACTION (34.4ms)[0m  [1m[35mCOMMIT[0m
Migrating to CreateBuses (20230823213444)
  [1m[36mTRANSACTION (0.3ms)[0m  [1m[35mBEGIN[0m
  [1m[35m (244.4ms)[0m  [1m[35mCREATE TABLE "buses" ("id" bigserial primary key, "bus_model" character varying, "number_of_seats" integer, "amenities" jsonb, "rating" integer, "created_at" timestamp(6) NOT NULL, "updated_at" timestamp(6) NOT NULL)[0m
  [1m[36mActiveRecord::SchemaMigration Create (0.6ms)[0m  [1m[32mINSERT INTO "schema_migrations" ("version") VALUES ($1) RETURNING "version"[0m  [["version", "20230823213444"]]
  [1m[36mTRANSACTION (55.7ms)[0m  [1m[35mCOMMIT[0m
Migrating to CreateTracks (20230823214342)
  [1m[36mTRANSACTION (0.4ms)[0m  [1m[35mBEGIN[0m
  [1m[35m (230.5ms)[0m  [1m[35mCREATE TABLE "tracks" ("id" bigserial primary key, "route_point_a" character varying, "route_point_b" character varying, "price" integer, "departure" timestamp(6), "created_at" timestamp(6) NOT NULL, "updated_at" timestamp(6) NOT NULL)[0m
  [1m[36mActiveRecord::SchemaMigration Create (0.6ms)[0m  [1m[32mINSERT INTO "schema_migrations" ("version") VALUES ($1) RETURNING "version"[0m  [["version", "20230823214342"]]
  [1m[36mTRANSACTION (33.1ms)[0m  [1m[35mCOMMIT[0m
Migrating to CreateBookingStations (20230823214548)
  [1m[36mTRANSACTION (0.4ms)[0m  [1m[35mBEGIN[0m
  [1m[35m (229.2ms)[0m  [1m[35mCREATE TABLE "booking_stations" ("id" bigserial primary key, "town" character varying, "landmark" character varying, "track_id" bigint NOT NULL, "created_at" timestamp(6) NOT NULL, "updated_at" timestamp(6) NOT NULL, CONSTRAINT "fk_rails_62d78f9947"
FOREIGN KEY ("track_id")
  REFERENCES "tracks" ("id")
)[0m
  [1m[35m (71.1ms)[0m  [1m[35mCREATE INDEX "index_booking_stations_on_track_id" ON "booking_stations" ("track_id")[0m
  [1m[36mActiveRecord::SchemaMigration Create (0.6ms)[0m  [1m[32mINSERT INTO "schema_migrations" ("version") VALUES ($1) RETURNING "version"[0m  [["version", "20230823214548"]]
  [1m[36mTRANSACTION (30.1ms)[0m  [1m[35mCOMMIT[0m
Migrating to CreateTickets (20230823215356)
  [1m[36mTRANSACTION (0.5ms)[0m  [1m[35mBEGIN[0m
  [1m[35m (270.6ms)[0m  [1m[35mCREATE TABLE "tickets" ("id" bigserial primary key, "booking_ref" character varying, "seat_number" integer, "user_id" bigint NOT NULL, "bus_id" bigint NOT NULL, "track_id" bigint NOT NULL, "booking_station_id" bigint NOT NULL, "created_at" timestamp(6) NOT NULL, "updated_at" timestamp(6) NOT NULL, CONSTRAINT "fk_rails_538a036fb9"
FOREIGN KEY ("user_id")
  REFERENCES "users" ("id")
, CONSTRAINT "fk_rails_e59f4f419d"
FOREIGN KEY ("bus_id")
  REFERENCES "buses" ("id")
, CONSTRAINT "fk_rails_3f67cf280b"
FOREIGN KEY ("track_id")
  REFERENCES "tracks" ("id")
, CONSTRAINT "fk_rails_60ccd66215"
FOREIGN KEY ("booking_station_id")
  REFERENCES "booking_stations" ("id")
)[0m
  [1m[35m (116.8ms)[0m  [1m[35mCREATE INDEX "index_tickets_on_user_id" ON "tickets" ("user_id")[0m
  [1m[35m (98.4ms)[0m  [1m[35mCREATE INDEX "index_tickets_on_bus_id" ON "tickets" ("bus_id")[0m
  [1m[35m (97.8ms)[0m  [1m[35mCREATE INDEX "index_tickets_on_track_id" ON "tickets" ("track_id")[0m
  [1m[35m (156.8ms)[0m  [1m[35mCREATE INDEX "index_tickets_on_booking_station_id" ON "tickets" ("booking_station_id")[0m
  [1m[36mActiveRecord::SchemaMigration Create (0.7ms)[0m  [1m[32mINSERT INTO "schema_migrations" ("version") VALUES ($1) RETURNING "version"[0m  [["version", "20230823215356"]]
  [1m[36mTRANSACTION (112.4ms)[0m  [1m[35mCOMMIT[0m
Migrating to AddTicketReferencesToUser (20230823215742)
  [1m[35m (0.7ms)[0m  [1m[34mSELECT pg_advisory_unlock(6241598612536964460)[0m
Started GET "/" for 127.0.0.1 at 2023-09-22 21:52:01 +0300
  [1m[36mActiveRecord::SchemaMigration Pluck (1.1ms)[0m  [1m[34mSELECT "schema_migrations"."version" FROM "schema_migrations" ORDER BY "schema_migrations"."version" ASC[0m
  [1m[36mCACHE ActiveRecord::SchemaMigration Pluck (0.0ms)[0m  [1m[34mSELECT "schema_migrations"."version" FROM "schema_migrations" ORDER BY "schema_migrations"."version" ASC[0m
  
ActiveRecord::PendingMigrationError (

Migrations are pending. To resolve this issue, run:

        bin/rails db:migrate RAILS_ENV=development

You have 4 pending migrations:

20230823215742_add_ticket_references_to_user.rb
20230823215933_add_refences_to_bus.rb
20230823220225_add_references_to_track.rb
20230823220325_add_ticket_to_booking_station.rb


):
  
activerecord (7.0.7) lib/active_record/migration.rb:627:in `check_pending!'
activerecord (7.0.7) lib/active_record/migration.rb:592:in `block (2 levels) in call'
activesupport (7.0.7) lib/active_support/file_update_checker.rb:83:in `execute'
activerecord (7.0.7) lib/active_record/migration.rb:597:in `block in call'
activerecord (7.0.7) lib/active_record/migration.rb:589:in `synchronize'
activerecord (7.0.7) lib/active_record/migration.rb:589:in `call'
actionpack (7.0.7) lib/action_dispatch/middleware/callbacks.rb:27:in `block in call'
activesupport (7.0.7) lib/active_support/callbacks.rb:99:in `run_callbacks'
actionpack (7.0.7) lib/action_dispatch/middleware/callbacks.rb:26:in `call'
actionpack (7.0.7) lib/action_dispatch/middleware/executor.rb:14:in `call'
actionpack (7.0.7) lib/action_dispatch/middleware/actionable_exceptions.rb:17:in `call'
actionpack (7.0.7) lib/action_dispatch/middleware/debug_exceptions.rb:28:in `call'
actionpack (7.0.7) lib/action_dispatch/middleware/show_exceptions.rb:29:in `call'
railties (7.0.7) lib/rails/rack/logger.rb:40:in `call_app'
railties (7.0.7) lib/rails/rack/logger.rb:25:in `block in call'
activesupport (7.0.7) lib/active_support/tagged_logging.rb:99:in `block in tagged'
activesupport (7.0.7) lib/active_support/tagged_logging.rb:37:in `tagged'
activesupport (7.0.7) lib/active_support/tagged_logging.rb:99:in `tagged'
railties (7.0.7) lib/rails/rack/logger.rb:25:in `call'
actionpack (7.0.7) lib/action_dispatch/middleware/remote_ip.rb:93:in `call'
actionpack (7.0.7) lib/action_dispatch/middleware/request_id.rb:26:in `call'
rack (2.2.8) lib/rack/runtime.rb:22:in `call'
activesupport (7.0.7) lib/active_support/cache/strategy/local_cache_middleware.rb:29:in `call'
actionpack (7.0.7) lib/action_dispatch/middleware/server_timing.rb:61:in `block in call'
actionpack (7.0.7) lib/action_dispatch/middleware/server_timing.rb:26:in `collect_events'
actionpack (7.0.7) lib/action_dispatch/middleware/server_timing.rb:60:in `call'
actionpack (7.0.7) lib/action_dispatch/middleware/executor.rb:14:in `call'
actionpack (7.0.7) lib/action_dispatch/middleware/static.rb:23:in `call'
rack (2.2.8) lib/rack/sendfile.rb:110:in `call'
actionpack (7.0.7) lib/action_dispatch/middleware/host_authorization.rb:137:in `call'
railties (7.0.7) lib/rails/engine.rb:530:in `call'
puma (5.6.6) lib/puma/configuration.rb:252:in `call'
puma (5.6.6) lib/puma/request.rb:77:in `block in handle_request'
puma (5.6.6) lib/puma/thread_pool.rb:340:in `with_force_shutdown'
puma (5.6.6) lib/puma/request.rb:76:in `handle_request'
puma (5.6.6) lib/puma/server.rb:443:in `process_client'
puma (5.6.6) lib/puma/thread_pool.rb:147:in `block in spawn_thread'
Started GET "/favicon.ico" for 127.0.0.1 at 2023-09-22 21:52:12 +0300
  [1m[36mActiveRecord::SchemaMigration Pluck (0.2ms)[0m  [1m[34mSELECT "schema_migrations"."version" FROM "schema_migrations" ORDER BY "schema_migrations"."version" ASC[0m
  [1m[36mCACHE ActiveRecord::SchemaMigration Pluck (0.0ms)[0m  [1m[34mSELECT "schema_migrations"."version" FROM "schema_migrations" ORDER BY "schema_migrations"."version" ASC[0m
  
ActiveRecord::PendingMigrationError (

Migrations are pending. To resolve this issue, run:

        bin/rails db:migrate RAILS_ENV=development

You have 4 pending migrations:

20230823215742_add_ticket_references_to_user.rb
20230823215933_add_refences_to_bus.rb
20230823220225_add_references_to_track.rb
20230823220325_add_ticket_to_booking_station.rb


):
  
activerecord (7.0.7) lib/active_record/migration.rb:627:in `check_pending!'
activerecord (7.0.7) lib/active_record/migration.rb:592:in `block (2 levels) in call'
activesupport (7.0.7) lib/active_support/file_update_checker.rb:83:in `execute'
activerecord (7.0.7) lib/active_record/migration.rb:597:in `block in call'
activerecord (7.0.7) lib/active_record/migration.rb:589:in `synchronize'
activerecord (7.0.7) lib/active_record/migration.rb:589:in `call'
actionpack (7.0.7) lib/action_dispatch/middleware/callbacks.rb:27:in `block in call'
activesupport (7.0.7) lib/active_support/callbacks.rb:99:in `run_callbacks'
actionpack (7.0.7) lib/action_dispatch/middleware/callbacks.rb:26:in `call'
actionpack (7.0.7) lib/action_dispatch/middleware/executor.rb:14:in `call'
actionpack (7.0.7) lib/action_dispatch/middleware/actionable_exceptions.rb:17:in `call'
actionpack (7.0.7) lib/action_dispatch/middleware/debug_exceptions.rb:28:in `call'
actionpack (7.0.7) lib/action_dispatch/middleware/show_exceptions.rb:29:in `call'
railties (7.0.7) lib/rails/rack/logger.rb:40:in `call_app'
railties (7.0.7) lib/rails/rack/logger.rb:25:in `block in call'
activesupport (7.0.7) lib/active_support/tagged_logging.rb:99:in `block in tagged'
activesupport (7.0.7) lib/active_support/tagged_logging.rb:37:in `tagged'
activesupport (7.0.7) lib/active_support/tagged_logging.rb:99:in `tagged'
railties (7.0.7) lib/rails/rack/logger.rb:25:in `call'
actionpack (7.0.7) lib/action_dispatch/middleware/remote_ip.rb:93:in `call'
actionpack (7.0.7) lib/action_dispatch/middleware/request_id.rb:26:in `call'
rack (2.2.8) lib/rack/runtime.rb:22:in `call'
activesupport (7.0.7) lib/active_support/cache/strategy/local_cache_middleware.rb:29:in `call'
actionpack (7.0.7) lib/action_dispatch/middleware/server_timing.rb:61:in `block in call'
actionpack (7.0.7) lib/action_dispatch/middleware/server_timing.rb:26:in `collect_events'
actionpack (7.0.7) lib/action_dispatch/middleware/server_timing.rb:60:in `call'
actionpack (7.0.7) lib/action_dispatch/middleware/executor.rb:14:in `call'
actionpack (7.0.7) lib/action_dispatch/middleware/static.rb:23:in `call'
rack (2.2.8) lib/rack/sendfile.rb:110:in `call'
actionpack (7.0.7) lib/action_dispatch/middleware/host_authorization.rb:137:in `call'
railties (7.0.7) lib/rails/engine.rb:530:in `call'
puma (5.6.6) lib/puma/configuration.rb:252:in `call'
puma (5.6.6) lib/puma/request.rb:77:in `block in handle_request'
puma (5.6.6) lib/puma/thread_pool.rb:340:in `with_force_shutdown'
puma (5.6.6) lib/puma/request.rb:76:in `handle_request'
puma (5.6.6) lib/puma/server.rb:443:in `process_client'
puma (5.6.6) lib/puma/thread_pool.rb:147:in `block in spawn_thread'
  [1m[35m (0.2ms)[0m  [1m[34mSELECT pg_try_advisory_lock(6241598612536964460)[0m
  [1m[36mActiveRecord::SchemaMigration Pluck (0.8ms)[0m  [1m[34mSELECT "schema_migrations"."version" FROM "schema_migrations" ORDER BY "schema_migrations"."version" ASC[0m
Migrating to AddTicketReferencesToUser (20230823215742)
  [1m[35m (0.3ms)[0m  [1m[34mSELECT pg_advisory_unlock(6241598612536964460)[0m
  [1m[35m (0.2ms)[0m  [1m[34mSELECT pg_try_advisory_lock(6241598612536964460)[0m
  [1m[36mActiveRecord::SchemaMigration Pluck (0.8ms)[0m  [1m[34mSELECT "schema_migrations"."version" FROM "schema_migrations" ORDER BY "schema_migrations"."version" ASC[0m
Migrating to AddTicketReferencesToUser (20230823215742)
  [1m[35m (0.4ms)[0m  [1m[34mSELECT pg_advisory_unlock(6241598612536964460)[0m
